#
# A fatal error has been detected by the Java Runtime Environment:
#
#  SIGSEGV (0xb) at pc=0x00007fffe4e10b5d, pid=15688, tid=0x0000000000000307
#
# JRE version: Java(TM) SE Runtime Environment (8.0_121-b13) (build 1.8.0_121-b13)
# Java VM: Java HotSpot(TM) 64-Bit Server VM (25.121-b13 mixed mode bsd-amd64 compressed oops)
# Problematic frame:
# C  [libobjc.A.dylib+0x6b5d]  objc_msgSend+0x1d
#
# Failed to write core dump. Core dumps have been disabled. To enable core dumping, try "ulimit -c unlimited" before starting Java again
#
# If you would like to submit a bug report, please visit:
#   http://bugreport.java.com/bugreport/crash.jsp
# The crash happened outside the Java Virtual Machine in native code.
# See problematic frame for where to report the bug.
#

---------------  T H R E A D  ---------------

Current thread (0x00007fdb6484c000):  JavaThread "AWT-AppKit" daemon [_thread_in_native, id=775, stack(0x00007fff51207000,0x00007fff51a07000)]

siginfo: si_signo: 11 (SIGSEGV), si_code: 1 (SEGV_MAPERR), si_addr: 0x0000000000000018

Registers:
RAX=0x00007fdb639d11d0, RBX=0x000000015ea13450, RCX=0x00007fdb67101160, RDX=0x0000000000000000
RSP=0x00007fff51a02288, RBP=0x00007fff51a02340, RSI=0x00007fffce8fb9ab, RDI=0x00007fdb61492210
R8 =0x0000000000000018, R9 =0x00007fdb67100040, R10=0x0000000000000000, R11=0x00007fffce8fb9ab
R12=0x0000000000000000, R13=0x0000000163e1fd90, R14=0x000000015ea13440, R15=0x00007fdb6484c000
RIP=0x00007fffe4e10b5d, EFLAGS=0x0000000000010246, ERR=0x0000000000000004
  TRAPNO=0x000000000000000e

Top of Stack: (sp=0x00007fff51a02288)
0x00007fff51a02288:   000000015ea11157 00007fff51a022e0
0x00007fff51a02298:   0000000000000003 00007fff51a022c0
0x00007fff51a022a8:   000000010f5f2c62 0000000163e1fd90
0x00007fff51a022b8:   0000000163e1fd90 00007fdb639d11d0
0x00007fff51a022c8:   000000015ea136a0 000000015ea13710
0x00007fff51a022d8:   00007fffeae716d0 00007fffebadf030
0x00007fff51a022e8:   000000015ea13450 000000015ea13690
0x00007fff51a022f8:   00007fdb639d11d0 00007fdb61492210
0x00007fff51a02308:   00007fdb63a4fc30 00007fdb639d11d0
0x00007fff51a02318:   00007fdb61492210 00007fff51a023c8
0x00007fff51a02328:   00007fdb6484c1f8 0000000163e1fd90
0x00007fff51a02338:   00007fff51a023f0 00007fff51a023b8
0x00007fff51a02348:   0000000119a169f4 0000000163e1fd90
0x00007fff51a02358:   00007fff51a023f0 00007fff51a023b8
0x00007fff51a02368:   0000000119a16787 0000000119a16742
0x00007fff51a02378:   00007fff51a02378 0000000163e1fd90
0x00007fff51a02388:   00007fff51a023f0 0000000163e229c8
0x00007fff51a02398:   0000000000000000 0000000163e1fd90
0x00007fff51a023a8:   0000000000000000 00007fff51a023d8
0x00007fff51a023b8:   00007fff51a02438 0000000119a072bd
0x00007fff51a023c8:   00000006c099ddc8 0000000119a10538
0x00007fff51a023d8:   00007fdb639d11d0 00007fff51a02438
0x00007fff51a023e8:   00007fdb61492210 0000000119a11e02
0x00007fff51a023f8:   00007fff51a023f8 0000000163e1ff5a
0x00007fff51a02408:   00007fff51a02460 0000000163e229c8
0x00007fff51a02418:   0000000000000000 0000000163e1ff68
0x00007fff51a02428:   00007fff51a023d8 00007fff51a02448
0x00007fff51a02438:   00007fff51a024a8 0000000119a072bd
0x00007fff51a02448:   00007fdb639d11d0 00000006c0a5f3f8
0x00007fff51a02458:   00007fdb61492210 00000006c0a5f3f8
0x00007fff51a02468:   00007fff51a02468 000000016a7d579e
0x00007fff51a02478:   00007fff51a024b8 000000016a7d5858 

Instructions: (pc=0x00007fffe4e10b5d)
0x00007fffe4e10b3d:   0f 1f 00 48 85 ff 2e 74 62 40 f6 c7 01 2e 75 66
0x00007fffe4e10b4d:   49 ba f8 ff ff ff ff 7f 00 00 4c 23 17 49 89 f3
0x00007fffe4e10b5d:   45 23 5a 18 49 c1 e3 04 4d 03 5a 10 49 3b 33 75
0x00007fffe4e10b6d:   04 41 ff 63 08 49 83 3b 01 76 0d 49 83 c3 10 49 

Register to memory mapping:

RAX=0x00007fdb639d11d0 is an unknown value
RBX=0x000000015ea13450: Java_jogamp_nativewindow_macosx_OSXUtil_GetScreenRefreshRate0+0x1cf0 in /private/var/folders/df/742f5pcs2s1bww8qkl8tr5s80000gn/T/jogamp_0000/file_cache/jln8732434936824972606/jln7260907061252832101/libnativewindow_macosx.jnilib at 0x000000015ea0c000
RCX=0x00007fdb67101160 is an unknown value
RDX=0x0000000000000000 is an unknown value
RSP=0x00007fff51a02288 is pointing into the stack for thread: 0x00007fdb6484c000
RBP=0x00007fff51a02340 is pointing into the stack for thread: 0x00007fdb6484c000
RSI=0x00007fffce8fb9ab: __NSStyleNameIndexTable+0x7f364 in /System/Library/Frameworks/AppKit.framework/Versions/C/AppKit at 0x00007fffcdc95000
RDI=0x00007fdb61492210 is an unknown value
R8 =0x0000000000000018 is an unknown value
R9 =0x00007fdb67100040 is an unknown value
R10=0x0000000000000000 is an unknown value
R11=0x00007fffce8fb9ab: __NSStyleNameIndexTable+0x7f364 in /System/Library/Frameworks/AppKit.framework/Versions/C/AppKit at 0x00007fffcdc95000
R12=0x0000000000000000 is an unknown value
R13={method} {0x0000000163e1fd90} 'UnsetJAWTRootSurfaceLayer0' '(JJ)V' in 'jogamp/nativewindow/jawt/macosx/MacOSXJAWTWindow'
R14=0x000000015ea13440: Java_jogamp_nativewindow_macosx_OSXUtil_GetScreenRefreshRate0+0x1ce0 in /private/var/folders/df/742f5pcs2s1bww8qkl8tr5s80000gn/T/jogamp_0000/file_cache/jln8732434936824972606/jln7260907061252832101/libnativewindow_macosx.jnilib at 0x000000015ea0c000
R15=0x00007fdb6484c000 is a thread


Stack: [0x00007fff51207000,0x00007fff51a07000],  sp=0x00007fff51a02288,  free space=8172k
Native frames: (J=compiled Java code, j=interpreted, Vv=VM code, C=native code)
C  [libobjc.A.dylib+0x6b5d]  objc_msgSend+0x1d
j  jogamp.nativewindow.jawt.macosx.MacOSXJAWTWindow.UnsetJAWTRootSurfaceLayer0(JJ)V+0
j  jogamp.nativewindow.jawt.macosx.MacOSXJAWTWindow.access$200(JJ)V+2
j  jogamp.nativewindow.jawt.macosx.MacOSXJAWTWindow$1.run()V+38
J 2539 C1 com.jogamp.common.util.RunnableTask.run()V (345 bytes) @ 0x000000011a306c34 [0x000000011a306aa0+0x194]
v  ~StubRoutines::call_stub
V  [libjvm.dylib+0x2ed9d6]  JavaCalls::call_helper(JavaValue*, methodHandle*, JavaCallArguments*, Thread*)+0x6ae
V  [libjvm.dylib+0x324b65]  jni_invoke_nonstatic(JNIEnv_*, JavaValue*, _jobject*, JNICallType, _jmethodID*, JNI_ArgumentPusher*, Thread*)+0x2ec
V  [libjvm.dylib+0x317333]  jni_CallVoidMethod+0x16b
C  [libnativewindow_macosx.jnilib+0x5326]  Java_jogamp_nativewindow_jawt_macosx_MacOSXJAWTWindow_UnsetJAWTRootSurfaceLayer0+0x2b6
C  [Foundation+0x7188a]  __NSThreadPerformPerform+0x146
C  [CoreFoundation+0xa7981]  __CFRUNLOOP_IS_CALLING_OUT_TO_A_SOURCE0_PERFORM_FUNCTION__+0x11
C  [CoreFoundation+0x889f7]  __CFRunLoopDoSources0+0x1a7
C  [CoreFoundation+0x87f76]  __CFRunLoopRun+0x3a6
C  [CoreFoundation+0x87974]  CFRunLoopRunSpecific+0x1a4
C  [HIToolbox+0x30acc]  RunCurrentEventLoopInMode+0xf0
C  [HIToolbox+0x30809]  ReceiveNextEventCommon+0xb8
C  [HIToolbox+0x30736]  _BlockUntilNextEventMatchingListInModeWithFilter+0x47
C  [AppKit+0x46ae4]  _DPSNextEvent+0x460
C  [AppKit+0x7c121f]  -[NSApplication(NSEvent) _nextEventMatchingEventMask:untilDate:inMode:dequeue:]+0xae5
C  [libosxapp.dylib+0x23aa]  -[NSApplicationAWT nextEventMatchingMask:untilDate:inMode:dequeue:]+0x7c
C  [AppKit+0x3b465]  -[NSApplication run]+0x39e
C  [libosxapp.dylib+0x214d]  +[NSApplicationAWT runAWTLoopWithApp:]+0x9c
C  [libawt_lwawt.dylib+0x45ff7]  -[AWTStarter starter:]+0x389
C  [Foundation+0x7188a]  __NSThreadPerformPerform+0x146
C  [CoreFoundation+0xa7981]  __CFRUNLOOP_IS_CALLING_OUT_TO_A_SOURCE0_PERFORM_FUNCTION__+0x11
C  [CoreFoundation+0x88a7d]  __CFRunLoopDoSources0+0x22d
C  [CoreFoundation+0x87f76]  __CFRunLoopRun+0x3a6
C  [CoreFoundation+0x87974]  CFRunLoopRunSpecific+0x1a4
C  [java+0x6465]  CreateExecutionEnvironment+0x367
C  [java+0x218c]  JLI_Launch+0x7a0
C  [java+0x84c2]  main+0x65
C  [java+0x19e4]  start+0x34
C  0x0000000000000007

Java frames: (J=compiled Java code, j=interpreted, Vv=VM code)
j  jogamp.nativewindow.jawt.macosx.MacOSXJAWTWindow.UnsetJAWTRootSurfaceLayer0(JJ)V+0
j  jogamp.nativewindow.jawt.macosx.MacOSXJAWTWindow.access$200(JJ)V+2
j  jogamp.nativewindow.jawt.macosx.MacOSXJAWTWindow$1.run()V+38
J 2539 C1 com.jogamp.common.util.RunnableTask.run()V (345 bytes) @ 0x000000011a306c34 [0x000000011a306aa0+0x194]
v  ~StubRoutines::call_stub

---------------  P R O C E S S  ---------------

Java Threads: ( => current thread )
  0x00007fdb6b166800 JavaThread "Thread-146" [_thread_blocked, id=72327, stack(0x0000700005377000,0x0000700005477000)]
  0x00007fdb61ba2000 JavaThread "AWT-EventQueue-1" [_thread_in_native, id=66307, stack(0x0000700005b98000,0x0000700005c98000)]
  0x00007fdb62a03000 JavaThread "DestroyJavaVM" [_thread_blocked, id=7171, stack(0x0000700003eb8000,0x0000700003fb8000)]
  0x00007fdb62969800 JavaThread "AWT-EventQueue-0" [_thread_blocked, id=61451, stack(0x000070000590f000,0x0000700005a0f000)]
  0x00007fdb651da800 JavaThread "Java2D Disposer" daemon [_thread_blocked, id=60431, stack(0x0000700005686000,0x0000700005786000)]
  0x00007fdb65812000 JavaThread "Java2D Queue Flusher" daemon [_thread_blocked, id=50991, stack(0x0000700005583000,0x0000700005683000)]
  0x00007fdb6483f000 JavaThread "AWT-Shutdown" [_thread_blocked, id=32287, stack(0x0000700005274000,0x0000700005374000)]
=>0x00007fdb6484c000 JavaThread "AWT-AppKit" daemon [_thread_in_native, id=775, stack(0x00007fff51207000,0x00007fff51a07000)]
  0x00007fdb6501a800 JavaThread "Service Thread" daemon [_thread_blocked, id=21251, stack(0x0000700004feb000,0x00007000050eb000)]
  0x00007fdb6481f800 JavaThread "C1 CompilerThread3" daemon [_thread_blocked, id=20739, stack(0x0000700004ee8000,0x0000700004fe8000)]
  0x00007fdb6481f000 JavaThread "C2 CompilerThread2" daemon [_thread_blocked, id=20227, stack(0x0000700004de5000,0x0000700004ee5000)]
  0x00007fdb61810000 JavaThread "C2 CompilerThread1" daemon [_thread_blocked, id=19715, stack(0x0000700004ce2000,0x0000700004de2000)]
  0x00007fdb6481e000 JavaThread "C2 CompilerThread0" daemon [_thread_blocked, id=19203, stack(0x0000700004bdf000,0x0000700004cdf000)]
  0x00007fdb64829000 JavaThread "Signal Dispatcher" daemon [_thread_blocked, id=18691, stack(0x0000700004adc000,0x0000700004bdc000)]
  0x00007fdb6282c800 JavaThread "Finalizer" daemon [_thread_blocked, id=14595, stack(0x00007000049d9000,0x0000700004ad9000)]
  0x00007fdb6282a000 JavaThread "Reference Handler" daemon [_thread_blocked, id=14083, stack(0x00007000048d6000,0x00007000049d6000)]

Other Threads:
  0x00007fdb6481c800 VMThread [stack: 0x00007000047d3000,0x00007000048d3000] [id=13571]
  0x00007fdb61811000 WatcherThread [stack: 0x00007000050ee000,0x00007000051ee000] [id=21763]

VM state:not at safepoint (normal execution)

VM Mutex/Monitor currently owned by a thread: None

Heap:
 PSYoungGen      total 105472K, used 76523K [0x000000076ab00000, 0x0000000772080000, 0x00000007c0000000)
  eden space 96768K, 78% used [0x000000076ab00000,0x000000076f592da0,0x0000000770980000)
  from space 8704K, 1% used [0x0000000771800000,0x0000000771828000,0x0000000772080000)
  to   space 11776K, 0% used [0x0000000770980000,0x0000000770980000,0x0000000771500000)
 ParOldGen       total 114176K, used 54063K [0x00000006c0000000, 0x00000006c6f80000, 0x000000076ab00000)
  object space 114176K, 47% used [0x00000006c0000000,0x00000006c34cbf90,0x00000006c6f80000)
 Metaspace       used 21977K, capacity 22211K, committed 22320K, reserved 1069056K
  class space    used 2100K, capacity 2174K, committed 2176K, reserved 1048576K

Card table byte_map: [0x0000000110762000,0x0000000110f63000] byte_map_base: 0x000000010d162000

Marking Bits: (ParMarkBitMap*) 0x000000010fcf0d30
 Begin Bits: [0x00000001114b9000, 0x00000001154b9000)
 End Bits:   [0x00000001154b9000, 0x00000001194b9000)

Polling page: 0x000000010e2b9000

CodeCache: size=245760Kb used=11106Kb max_used=12363Kb free=234653Kb
 bounds [0x00000001199ff000, 0x000000011a62f000, 0x00000001289ff000]
 total_blobs=3982 nmethods=3082 adapters=813
 compilation: enabled

Compilation events (10 events):
Event: 74.878 Thread 0x00007fdb6481f000 3861       4       java.lang.reflect.Method::invoke (62 bytes)
Event: 74.884 Thread 0x00007fdb6481f000 nmethod 3861 0x000000011a298310 code [0x000000011a2984e0, 0x000000011a2989a8]
Event: 86.182 Thread 0x00007fdb6481f800 3862       3       sun.java2d.SurfaceData::markDirty (8 bytes)
Event: 86.182 Thread 0x00007fdb6481f800 nmethod 3862 0x0000000119f85750 code [0x0000000119f858c0, 0x0000000119f85b10]
Event: 86.213 Thread 0x00007fdb6481e000 3863       4       java.util.HashMap::remove (26 bytes)
Event: 86.214 Thread 0x00007fdb6481f800 3864       1       sun.java2d.SurfaceData::isValid (5 bytes)
Event: 86.214 Thread 0x00007fdb6481f800 nmethod 3864 0x000000011a348810 code [0x000000011a348960, 0x000000011a348a70]
Event: 86.216 Thread 0x00007fdb6481e000 nmethod 3863 0x000000011a2a1950 code [0x000000011a2a1ac0, 0x000000011a2a1db8]
Event: 86.226 Thread 0x00007fdb6481f800 3865       3       sun.java2d.pipe.RenderBuffer::putFloat (26 bytes)
Event: 86.226 Thread 0x00007fdb6481f800 nmethod 3865 0x0000000119d4acd0 code [0x0000000119d4ae40, 0x0000000119d4afd0]

GC Heap History (10 events):
Event: 80.715 GC heap before
{Heap before GC invocations=63 (full 1):
 PSYoungGen      total 110080K, used 109695K [0x000000076ab00000, 0x0000000773500000, 0x00000007c0000000)
  eden space 109568K, 99% used [0x000000076ab00000,0x00000007715fffd8,0x0000000771600000)
  from space 512K, 25% used [0x0000000771900000,0x0000000771920000,0x0000000771980000)
  to   space 15872K, 0% used [0x0000000772580000,0x0000000772580000,0x0000000773500000)
 ParOldGen       total 114176K, used 54039K [0x00000006c0000000, 0x00000006c6f80000, 0x000000076ab00000)
  object space 114176K, 47% used [0x00000006c0000000,0x00000006c34c5f90,0x00000006c6f80000)
 Metaspace       used 21942K, capacity 22211K, committed 22320K, reserved 1069056K
  class space    used 2092K, capacity 2174K, committed 2176K, reserved 1048576K
Event: 80.716 GC heap after
Heap after GC invocations=63 (full 1):
 PSYoungGen      total 118272K, used 192K [0x000000076ab00000, 0x0000000773080000, 0x00000007c0000000)
  eden space 107008K, 0% used [0x000000076ab00000,0x000000076ab00000,0x0000000771380000)
  from space 11264K, 1% used [0x0000000772580000,0x00000007725b0000,0x0000000773080000)
  to   space 14848K, 0% used [0x0000000771380000,0x0000000771380000,0x0000000772200000)
 ParOldGen       total 114176K, used 54039K [0x00000006c0000000, 0x00000006c6f80000, 0x000000076ab00000)
  object space 114176K, 47% used [0x00000006c0000000,0x00000006c34c5f90,0x00000006c6f80000)
 Metaspace       used 21942K, capacity 22211K, committed 22320K, reserved 1069056K
  class space    used 2092K, capacity 2174K, committed 2176K, reserved 1048576K
}
Event: 81.929 GC heap before
{Heap before GC invocations=64 (full 1):
 PSYoungGen      total 118272K, used 107200K [0x000000076ab00000, 0x0000000773080000, 0x00000007c0000000)
  eden space 107008K, 100% used [0x000000076ab00000,0x0000000771380000,0x0000000771380000)
  from space 11264K, 1% used [0x0000000772580000,0x00000007725b0000,0x0000000773080000)
  to   space 14848K, 0% used [0x0000000771380000,0x0000000771380000,0x0000000772200000)
 ParOldGen       total 114176K, used 54039K [0x00000006c0000000, 0x00000006c6f80000, 0x000000076ab00000)
  object space 114176K, 47% used [0x00000006c0000000,0x00000006c34c5f90,0x00000006c6f80000)
 Metaspace       used 21942K, capacity 22211K, committed 22320K, reserved 1069056K
  class space    used 2092K, capacity 2174K, committed 2176K, reserved 1048576K
Event: 81.931 GC heap after
Heap after GC invocations=64 (full 1):
 PSYoungGen      total 104960K, used 192K [0x000000076ab00000, 0x0000000772c00000, 0x00000007c0000000)
  eden space 104448K, 0% used [0x000000076ab00000,0x000000076ab00000,0x0000000771100000)
  from space 512K, 37% used [0x0000000771380000,0x00000007713b0000,0x0000000771400000)
  to   space 13824K, 0% used [0x0000000771e80000,0x0000000771e80000,0x0000000772c00000)
 ParOldGen       total 114176K, used 54039K [0x00000006c0000000, 0x00000006c6f80000, 0x000000076ab00000)
  object space 114176K, 47% used [0x00000006c0000000,0x00000006c34c5f90,0x00000006c6f80000)
 Metaspace       used 21942K, capacity 22211K, committed 22320K, reserved 1069056K
  class space    used 2092K, capacity 2174K, committed 2176K, reserved 1048576K
}
Event: 83.112 GC heap before
{Heap before GC invocations=65 (full 1):
 PSYoungGen      total 104960K, used 104640K [0x000000076ab00000, 0x0000000772c00000, 0x00000007c0000000)
  eden space 104448K, 100% used [0x000000076ab00000,0x0000000771100000,0x0000000771100000)
  from space 512K, 37% used [0x0000000771380000,0x00000007713b0000,0x0000000771400000)
  to   space 13824K, 0% used [0x0000000771e80000,0x0000000771e80000,0x0000000772c00000)
 ParOldGen       total 114176K, used 54039K [0x00000006c0000000, 0x00000006c6f80000, 0x000000076ab00000)
  object space 114176K, 47% used [0x00000006c0000000,0x00000006c34c5f90,0x00000006c6f80000)
 Metaspace       used 21942K, capacity 22211K, committed 22320K, reserved 1069056K
  class space    used 2092K, capacity 2174K, committed 2176K, reserved 1048576K
Event: 83.115 GC heap after
Heap after GC invocations=65 (full 1):
 PSYoungGen      total 112128K, used 128K [0x000000076ab00000, 0x0000000772880000, 0x00000007c0000000)
  eden space 101888K, 0% used [0x000000076ab00000,0x000000076ab00000,0x0000000770e80000)
  from space 10240K, 1% used [0x0000000771e80000,0x0000000771ea0000,0x0000000772880000)
  to   space 13312K, 0% used [0x0000000770e80000,0x0000000770e80000,0x0000000771b80000)
 ParOldGen       total 114176K, used 54047K [0x00000006c0000000, 0x00000006c6f80000, 0x000000076ab00000)
  object space 114176K, 47% used [0x00000006c0000000,0x00000006c34c7f90,0x00000006c6f80000)
 Metaspace       used 21942K, capacity 22211K, committed 22320K, reserved 1069056K
  class space    used 2092K, capacity 2174K, committed 2176K, reserved 1048576K
}
Event: 84.266 GC heap before
{Heap before GC invocations=66 (full 1):
 PSYoungGen      total 112128K, used 102016K [0x000000076ab00000, 0x0000000772880000, 0x00000007c0000000)
  eden space 101888K, 100% used [0x000000076ab00000,0x0000000770e80000,0x0000000770e80000)
  from space 10240K, 1% used [0x0000000771e80000,0x0000000771ea0000,0x0000000772880000)
  to   space 13312K, 0% used [0x0000000770e80000,0x0000000770e80000,0x0000000771b80000)
 ParOldGen       total 114176K, used 54047K [0x00000006c0000000, 0x00000006c6f80000, 0x000000076ab00000)
  object space 114176K, 47% used [0x00000006c0000000,0x00000006c34c7f90,0x00000006c6f80000)
 Metaspace       used 21942K, capacity 22211K, committed 22320K, reserved 1069056K
  class space    used 2092K, capacity 2174K, committed 2176K, reserved 1048576K
Event: 84.267 GC heap after
Heap after GC invocations=66 (full 1):
 PSYoungGen      total 99840K, used 160K [0x000000076ab00000, 0x0000000772400000, 0x00000007c0000000)
  eden space 99328K, 0% used [0x000000076ab00000,0x000000076ab00000,0x0000000770c00000)
  from space 512K, 31% used [0x0000000770e80000,0x0000000770ea8000,0x0000000770f00000)
  to   space 12288K, 0% used [0x0000000771800000,0x0000000771800000,0x0000000772400000)
 ParOldGen       total 114176K, used 54063K [0x00000006c0000000, 0x00000006c6f80000, 0x000000076ab00000)
  object space 114176K, 47% used [0x00000006c0000000,0x00000006c34cbf90,0x00000006c6f80000)
 Metaspace       used 21942K, capacity 22211K, committed 22320K, reserved 1069056K
  class space    used 2092K, capacity 2174K, committed 2176K, reserved 1048576K
}
Event: 85.383 GC heap before
{Heap before GC invocations=67 (full 1):
 PSYoungGen      total 99840K, used 99488K [0x000000076ab00000, 0x0000000772400000, 0x00000007c0000000)
  eden space 99328K, 100% used [0x000000076ab00000,0x0000000770c00000,0x0000000770c00000)
  from space 512K, 31% used [0x0000000770e80000,0x0000000770ea8000,0x0000000770f00000)
  to   space 12288K, 0% used [0x0000000771800000,0x0000000771800000,0x0000000772400000)
 ParOldGen       total 114176K, used 54063K [0x00000006c0000000, 0x00000006c6f80000, 0x000000076ab00000)
  object space 114176K, 47% used [0x00000006c0000000,0x00000006c34cbf90,0x00000006c6f80000)
 Metaspace       used 21942K, capacity 22211K, committed 22320K, reserved 1069056K
  class space    used 2092K, capacity 2174K, committed 2176K, reserved 1048576K
Event: 85.386 GC heap after
Heap after GC invocations=67 (full 1):
 PSYoungGen      total 105472K, used 160K [0x000000076ab00000, 0x0000000772080000, 0x00000007c0000000)
  eden space 96768K, 0% used [0x000000076ab00000,0x000000076ab00000,0x0000000770980000)
  from space 8704K, 1% used [0x0000000771800000,0x0000000771828000,0x0000000772080000)
  to   space 11776K, 0% used [0x0000000770980000,0x0000000770980000,0x0000000771500000)
 ParOldGen       total 114176K, used 54063K [0x00000006c0000000, 0x00000006c6f80000, 0x000000076ab00000)
  object space 114176K, 47% used [0x00000006c0000000,0x00000006c34cbf90,0x00000006c6f80000)
 Metaspace       used 21942K, capacity 22211K, committed 22320K, reserved 1069056K
  class space    used 2092K, capacity 2174K, committed 2176K, reserved 1048576K
}

Deoptimization events (10 events):
Event: 86.180 Thread 0x00007fdb62969800 Uncommon trap: reason=unstable_if action=reinterpret pc=0x0000000119dd5d70 method=sun.lwawt.LWContainerPeer.cutChildren(Lsun/java2d/pipe/Region;Lsun/lwawt/LWComponentPeer;)Lsun/java2d/pipe/Region; @ 67
Event: 86.181 Thread 0x00007fdb62969800 Uncommon trap: reason=unstable_if action=reinterpret pc=0x0000000119efe02c method=sun.java2d.SunGraphics2D.validateCompClip()V @ 9
Event: 86.181 Thread 0x00007fdb61ba2000 Uncommon trap: reason=unstable_if action=reinterpret pc=0x000000011a4782cc method=java.awt.EventQueue.getPriority(Ljava/awt/AWTEvent;)I @ 22
Event: 86.181 Thread 0x00007fdb61ba2000 Uncommon trap: reason=unstable_if action=reinterpret pc=0x000000011a40861c method=java.awt.EventQueue.uncacheEQItem(Lsun/awt/EventQueueItem;)V @ 23
Event: 86.183 Thread 0x00007fdb62969800 Uncommon trap: reason=unstable_if action=reinterpret pc=0x000000011a1630dc method=sun.java2d.pipe.Region.intersectsQuickCheck(Lsun/java2d/pipe/Region;)Z @ 41
Event: 86.183 Thread 0x00007fdb62969800 Uncommon trap: reason=unstable_if action=reinterpret pc=0x000000011a559814 method=java.awt.Font.equals(Ljava/lang/Object;)Z @ 2
Event: 86.212 Thread 0x00007fdb6401b800 Uncommon trap: reason=unstable_if action=reinterpret pc=0x0000000119fde894 method=java.util.HashMap.putVal(ILjava/lang/Object;Ljava/lang/Object;ZZ)Ljava/lang/Object; @ 81
Event: 86.224 Thread 0x00007fdb61ba2000 Uncommon trap: reason=unstable_if action=reinterpret pc=0x000000011a126a98 method=java.util.LinkedList$ListItr.<init>(Ljava/util/LinkedList;I)V @ 26
Event: 86.224 Thread 0x00007fdb61ba2000 Uncommon trap: reason=unstable_if action=reinterpret pc=0x000000011a384d90 method=java.security.AccessControlContext.optimize()Ljava/security/AccessControlContext; @ 233
Event: 86.225 Thread 0x00007fdb61ba2000 Uncommon trap: reason=unstable_if action=reinterpret pc=0x0000000119c4c844 method=java.util.LinkedList$ListItr.<init>(Ljava/util/LinkedList;I)V @ 26

Internal exceptions (10 events):
Event: 0.266 Thread 0x00007fdb65005000 Exception <a 'java/io/FileNotFoundException'> (0x000000076ae437b0) thrown at [/Users/java_re/workspace/8-2-build-macosx-x86_64/jdk8u121/8372/hotspot/src/share/vm/prims/jni.cpp, line 709]
Event: 0.354 Thread 0x00007fdb65005000 Exception <a 'java/io/FileNotFoundException'> (0x000000076aed3f30) thrown at [/Users/java_re/workspace/8-2-build-macosx-x86_64/jdk8u121/8372/hotspot/src/share/vm/prims/jni.cpp, line 709]
Event: 1.761 Thread 0x00007fdb649dd800 Exception <a 'java/lang/UnsatisfiedLinkError': com.jogamp.common.util.JarUtil.fixNativeLibAttribs(Ljava/lang/String;)Z> (0x000000076c64d5e8) thrown at [/Users/java_re/workspace/8-2-build-macosx-x86_64/jdk8u121/8372/hotspot/src/share/vm/prims/nativeLookup.
Event: 2.589 Thread 0x00007fdb61ba2000 Exception <a 'java/io/FileNotFoundException'> (0x000000076d81f620) thrown at [/Users/java_re/workspace/8-2-build-macosx-x86_64/jdk8u121/8372/hotspot/src/share/vm/prims/jni.cpp, line 709]
Event: 2.589 Thread 0x00007fdb61ba2000 Exception <a 'java/io/FileNotFoundException'> (0x000000076d825db0) thrown at [/Users/java_re/workspace/8-2-build-macosx-x86_64/jdk8u121/8372/hotspot/src/share/vm/prims/jni.cpp, line 709]
Event: 2.589 Thread 0x00007fdb61ba2000 Implicit null exception at 0x0000000119bd0a36 to 0x0000000119bd0e29
Event: 2.845 Thread 0x00007fdb6282c800 Exception <a 'java/lang/NullPointerException'> (0x000000076aeaf018) thrown at [/Users/java_re/workspace/8-2-build-macosx-x86_64/jdk8u121/8372/hotspot/src/share/vm/interpreter/linkResolver.cpp, line 1178]
Event: 2.917 Thread 0x00007fdb61ba2000 Implicit null exception at 0x0000000119da8c06 to 0x0000000119da8e4d
Event: 8.918 Thread 0x00007fdb61ba2000 Implicit null exception at 0x000000011a09ceb3 to 0x000000011a09d0de
Event: 54.590 Thread 0x00007fdb61ba2000 Implicit null exception at 0x0000000119c99904 to 0x0000000119c9dce1

Events (10 events):
Event: 86.224 Executing VM operation: Deoptimize
Event: 86.225 Executing VM operation: Deoptimize done
Event: 86.225 loading class java/awt/Toolkit$ToolkitEventMulticaster
Event: 86.225 loading class java/awt/Toolkit$ToolkitEventMulticaster done
Event: 86.225 Thread 0x00007fdb61ba2000 Uncommon trap: trap_request=0xffffff65 fr.pc=0x0000000119c4c844
Event: 86.225 Thread 0x00007fdb61ba2000 DEOPT PACKING pc=0x0000000119c4c844 sp=0x0000700005c95a30
Event: 86.225 Thread 0x00007fdb61ba2000 DEOPT UNPACKING pc=0x0000000119a04229 sp=0x0000700005c95988 mode 2
Event: 86.225 Thread 0x00007fdb6401b800 Thread exited: 0x00007fdb6401b800
Event: 86.225 loading class java/awt/Window$1DisposeAction
Event: 86.226 loading class java/awt/Window$1DisposeAction done


Dynamic libraries:
0x000000005adf9000 	/System/Library/Frameworks/Cocoa.framework/Versions/A/Cocoa
0x000000005adf9000 	/System/Library/Frameworks/Security.framework/Versions/A/Security
0x000000005adf9000 	/System/Library/Frameworks/ApplicationServices.framework/Versions/A/ApplicationServices
0x000000005adf9000 	/usr/lib/libz.1.dylib
0x000000005adf9000 	/usr/lib/libSystem.B.dylib
0x000000005adf9000 	/usr/lib/libobjc.A.dylib
0x000000005adf9000 	/System/Library/Frameworks/CoreFoundation.framework/Versions/A/CoreFoundation
0x000000005adf9000 	/System/Library/Frameworks/Foundation.framework/Versions/C/Foundation
0x000000005adf9000 	/System/Library/Frameworks/AppKit.framework/Versions/C/AppKit
0x000000005adf9000 	/System/Library/Frameworks/CoreData.framework/Versions/A/CoreData
0x000000005adf9000 	/System/Library/PrivateFrameworks/RemoteViewServices.framework/Versions/A/RemoteViewServices
0x000000005adf9000 	/System/Library/PrivateFrameworks/UIFoundation.framework/Versions/A/UIFoundation
0x000000005adf9000 	/System/Library/PrivateFrameworks/DFRFoundation.framework/Versions/A/DFRFoundation
0x000000005adf9000 	/usr/lib/libenergytrace.dylib
0x000000005adf9000 	/System/Library/PrivateFrameworks/SkyLight.framework/Versions/A/SkyLight
0x000000005adf9000 	/System/Library/Frameworks/CoreGraphics.framework/Versions/A/CoreGraphics
0x000000005adf9000 	/usr/lib/libScreenReader.dylib
0x000000005adf9000 	/System/Library/Frameworks/Accelerate.framework/Versions/A/Accelerate
0x000000005adf9000 	/System/Library/Frameworks/IOSurface.framework/Versions/A/IOSurface
0x000000005adf9000 	/System/Library/Frameworks/AudioToolbox.framework/Versions/A/AudioToolbox
0x000000005adf9000 	/System/Library/Frameworks/AudioUnit.framework/Versions/A/AudioUnit
0x000000005adf9000 	/System/Library/PrivateFrameworks/DataDetectorsCore.framework/Versions/A/DataDetectorsCore
0x000000005adf9000 	/System/Library/PrivateFrameworks/DesktopServicesPriv.framework/Versions/A/DesktopServicesPriv
0x000000005adf9000 	/System/Library/Frameworks/Carbon.framework/Versions/A/Frameworks/HIToolbox.framework/Versions/A/HIToolbox
0x000000005adf9000 	/usr/lib/libicucore.A.dylib
0x000000005adf9000 	/System/Library/Frameworks/QuartzCore.framework/Versions/A/QuartzCore
0x000000005adf9000 	/System/Library/Frameworks/Carbon.framework/Versions/A/Frameworks/SpeechRecognition.framework/Versions/A/SpeechRecognition
0x000000005adf9000 	/usr/lib/libauto.dylib
0x000000005adf9000 	/usr/lib/libxml2.2.dylib
0x000000005adf9000 	/System/Library/PrivateFrameworks/CoreUI.framework/Versions/A/CoreUI
0x000000005adf9000 	/System/Library/Frameworks/CoreAudio.framework/Versions/A/CoreAudio
0x000000005adf9000 	/System/Library/Frameworks/DiskArbitration.framework/Versions/A/DiskArbitration
0x000000005adf9000 	/usr/lib/liblangid.dylib
0x000000005adf9000 	/System/Library/PrivateFrameworks/MultitouchSupport.framework/Versions/A/MultitouchSupport
0x000000005adf9000 	/System/Library/Frameworks/IOKit.framework/Versions/A/IOKit
0x000000005adf9000 	/usr/lib/libDiagnosticMessagesClient.dylib
0x000000005adf9000 	/System/Library/Frameworks/CoreServices.framework/Versions/A/CoreServices
0x000000005adf9000 	/System/Library/PrivateFrameworks/PerformanceAnalysis.framework/Versions/A/PerformanceAnalysis
0x000000005adf9000 	/System/Library/PrivateFrameworks/GenerationalStorage.framework/Versions/A/GenerationalStorage
0x000000005adf9000 	/System/Library/Frameworks/OpenGL.framework/Versions/A/OpenGL
0x000000005adf9000 	/System/Library/Frameworks/CoreImage.framework/Versions/A/CoreImage
0x000000005adf9000 	/System/Library/Frameworks/CoreText.framework/Versions/A/CoreText
0x000000005adf9000 	/System/Library/Frameworks/ImageIO.framework/Versions/A/ImageIO
0x000000005adf9000 	/System/Library/PrivateFrameworks/Backup.framework/Versions/A/Backup
0x000000005adf9000 	/usr/lib/libarchive.2.dylib
0x000000005adf9000 	/System/Library/Frameworks/CFNetwork.framework/Versions/A/CFNetwork
0x000000005adf9000 	/System/Library/Frameworks/SystemConfiguration.framework/Versions/A/SystemConfiguration
0x000000005adf9000 	/usr/lib/libCRFSuite.dylib
0x000000005adf9000 	/usr/lib/libc++.1.dylib
0x000000005adf9000 	/usr/lib/libc++abi.dylib
0x000000005adf9000 	/usr/lib/system/libcache.dylib
0x000000005adf9000 	/usr/lib/system/libcommonCrypto.dylib
0x000000005adf9000 	/usr/lib/system/libcompiler_rt.dylib
0x000000005adf9000 	/usr/lib/system/libcopyfile.dylib
0x000000005adf9000 	/usr/lib/system/libcorecrypto.dylib
0x000000005adf9000 	/usr/lib/system/libdispatch.dylib
0x000000005adf9000 	/usr/lib/system/libdyld.dylib
0x000000005adf9000 	/usr/lib/system/libkeymgr.dylib
0x000000005adf9000 	/usr/lib/system/liblaunch.dylib
0x000000005adf9000 	/usr/lib/system/libmacho.dylib
0x000000005adf9000 	/usr/lib/system/libquarantine.dylib
0x000000005adf9000 	/usr/lib/system/libremovefile.dylib
0x000000005adf9000 	/usr/lib/system/libsystem_asl.dylib
0x000000005adf9000 	/usr/lib/system/libsystem_blocks.dylib
0x000000005adf9000 	/usr/lib/system/libsystem_c.dylib
0x000000005adf9000 	/usr/lib/system/libsystem_configuration.dylib
0x000000005adf9000 	/usr/lib/system/libsystem_coreservices.dylib
0x000000005adf9000 	/usr/lib/system/libsystem_coretls.dylib
0x000000005adf9000 	/usr/lib/system/libsystem_dnssd.dylib
0x000000005adf9000 	/usr/lib/system/libsystem_info.dylib
0x000000005adf9000 	/usr/lib/system/libsystem_kernel.dylib
0x000000005adf9000 	/usr/lib/system/libsystem_m.dylib
0x000000005adf9000 	/usr/lib/system/libsystem_malloc.dylib
0x000000005adf9000 	/usr/lib/system/libsystem_network.dylib
0x000000005adf9000 	/usr/lib/system/libsystem_networkextension.dylib
0x000000005adf9000 	/usr/lib/system/libsystem_notify.dylib
0x000000005adf9000 	/usr/lib/system/libsystem_platform.dylib
0x000000005adf9000 	/usr/lib/system/libsystem_pthread.dylib
0x000000005adf9000 	/usr/lib/system/libsystem_sandbox.dylib
0x000000005adf9000 	/usr/lib/system/libsystem_secinit.dylib
0x000000005adf9000 	/usr/lib/system/libsystem_symptoms.dylib
0x000000005adf9000 	/usr/lib/system/libsystem_trace.dylib
0x000000005adf9000 	/usr/lib/system/libunwind.dylib
0x000000005adf9000 	/usr/lib/system/libxpc.dylib
0x000000005adf9000 	/usr/lib/libbsm.0.dylib
0x000000005adf9000 	/usr/lib/system/libkxld.dylib
0x000000005adf9000 	/usr/lib/libcoretls.dylib
0x000000005adf9000 	/usr/lib/libcoretls_cfhelpers.dylib
0x000000005adf9000 	/usr/lib/libxar.1.dylib
0x000000005adf9000 	/usr/lib/libsqlite3.dylib
0x000000005adf9000 	/usr/lib/libpam.2.dylib
0x000000005adf9000 	/usr/lib/libOpenScriptingUtil.dylib
0x000000005adf9000 	/usr/lib/libbz2.1.0.dylib
0x000000005adf9000 	/usr/lib/liblzma.5.dylib
0x000000005adf9000 	/usr/lib/libnetwork.dylib
0x000000005adf9000 	/usr/lib/libpcap.A.dylib
0x000000005adf9000 	/System/Library/Frameworks/CoreServices.framework/Versions/A/Frameworks/FSEvents.framework/Versions/A/FSEvents
0x000000005adf9000 	/System/Library/Frameworks/CoreServices.framework/Versions/A/Frameworks/CarbonCore.framework/Versions/A/CarbonCore
0x000000005adf9000 	/System/Library/Frameworks/CoreServices.framework/Versions/A/Frameworks/Metadata.framework/Versions/A/Metadata
0x000000005adf9000 	/System/Library/Frameworks/CoreServices.framework/Versions/A/Frameworks/OSServices.framework/Versions/A/OSServices
0x000000005adf9000 	/System/Library/Frameworks/CoreServices.framework/Versions/A/Frameworks/SearchKit.framework/Versions/A/SearchKit
0x000000005adf9000 	/System/Library/Frameworks/CoreServices.framework/Versions/A/Frameworks/AE.framework/Versions/A/AE
0x000000005adf9000 	/System/Library/Frameworks/CoreServices.framework/Versions/A/Frameworks/LaunchServices.framework/Versions/A/LaunchServices
0x000000005adf9000 	/System/Library/Frameworks/CoreServices.framework/Versions/A/Frameworks/DictionaryServices.framework/Versions/A/DictionaryServices
0x000000005adf9000 	/System/Library/Frameworks/CoreServices.framework/Versions/A/Frameworks/SharedFileList.framework/Versions/A/SharedFileList
0x000000005adf9000 	/System/Library/Frameworks/NetFS.framework/Versions/A/NetFS
0x000000005adf9000 	/System/Library/PrivateFrameworks/NetAuth.framework/Versions/A/NetAuth
0x000000005adf9000 	/System/Library/PrivateFrameworks/login.framework/Versions/A/Frameworks/loginsupport.framework/Versions/A/loginsupport
0x000000005adf9000 	/System/Library/PrivateFrameworks/TCC.framework/Versions/A/TCC
0x000000005adf9000 	/usr/lib/libmecabra.dylib
0x000000005adf9000 	/System/Library/Frameworks/ApplicationServices.framework/Versions/A/Frameworks/ATS.framework/Versions/A/ATS
0x000000005adf9000 	/System/Library/Frameworks/ApplicationServices.framework/Versions/A/Frameworks/ColorSync.framework/Versions/A/ColorSync
0x000000005adf9000 	/System/Library/Frameworks/ApplicationServices.framework/Versions/A/Frameworks/HIServices.framework/Versions/A/HIServices
0x000000005adf9000 	/System/Library/Frameworks/ApplicationServices.framework/Versions/A/Frameworks/LangAnalysis.framework/Versions/A/LangAnalysis
0x000000005adf9000 	/System/Library/Frameworks/ApplicationServices.framework/Versions/A/Frameworks/PrintCore.framework/Versions/A/PrintCore
0x000000005adf9000 	/System/Library/Frameworks/ApplicationServices.framework/Versions/A/Frameworks/QD.framework/Versions/A/QD
0x000000005adf9000 	/System/Library/Frameworks/ApplicationServices.framework/Versions/A/Frameworks/SpeechSynthesis.framework/Versions/A/SpeechSynthesis
0x000000005adf9000 	/System/Library/Frameworks/Accelerate.framework/Versions/A/Frameworks/vImage.framework/Versions/A/vImage
0x000000005adf9000 	/System/Library/Frameworks/Accelerate.framework/Versions/A/Frameworks/vecLib.framework/Versions/A/vecLib
0x000000005adf9000 	/System/Library/Frameworks/Accelerate.framework/Versions/A/Frameworks/vecLib.framework/Versions/A/libvDSP.dylib
0x000000005adf9000 	/System/Library/Frameworks/Accelerate.framework/Versions/A/Frameworks/vecLib.framework/Versions/A/libBNNS.dylib
0x000000005adf9000 	/System/Library/Frameworks/Accelerate.framework/Versions/A/Frameworks/vecLib.framework/Versions/A/libQuadrature.dylib
0x000000005adf9000 	/System/Library/Frameworks/Accelerate.framework/Versions/A/Frameworks/vecLib.framework/Versions/A/libvMisc.dylib
0x000000005adf9000 	/System/Library/Frameworks/Accelerate.framework/Versions/A/Frameworks/vecLib.framework/Versions/A/libLAPACK.dylib
0x000000005adf9000 	/System/Library/Frameworks/Accelerate.framework/Versions/A/Frameworks/vecLib.framework/Versions/A/libBLAS.dylib
0x000000005adf9000 	/System/Library/Frameworks/Accelerate.framework/Versions/A/Frameworks/vecLib.framework/Versions/A/libLinearAlgebra.dylib
0x000000005adf9000 	/System/Library/Frameworks/Accelerate.framework/Versions/A/Frameworks/vecLib.framework/Versions/A/libSparseBLAS.dylib
0x000000005adf9000 	/System/Library/Frameworks/ApplicationServices.framework/Versions/A/Frameworks/ATS.framework/Versions/A/Resources/libFontParser.dylib
0x000000005adf9000 	/System/Library/Frameworks/ApplicationServices.framework/Versions/A/Frameworks/ATS.framework/Versions/A/Resources/libFontRegistry.dylib
0x000000005adf9000 	/System/Library/Frameworks/ImageIO.framework/Versions/A/Resources/libJPEG.dylib
0x000000005adf9000 	/System/Library/Frameworks/ImageIO.framework/Versions/A/Resources/libTIFF.dylib
0x000000005adf9000 	/System/Library/Frameworks/ImageIO.framework/Versions/A/Resources/libPng.dylib
0x000000005adf9000 	/System/Library/Frameworks/ImageIO.framework/Versions/A/Resources/libGIF.dylib
0x000000005adf9000 	/System/Library/Frameworks/ImageIO.framework/Versions/A/Resources/libJP2.dylib
0x000000005adf9000 	/System/Library/Frameworks/ImageIO.framework/Versions/A/Resources/libRadiance.dylib
0x000000005adf9000 	/usr/lib/libcompression.dylib
0x000000005adf9000 	/System/Library/PrivateFrameworks/AppleJPEG.framework/Versions/A/AppleJPEG
0x000000005adf9000 	/usr/lib/libcups.2.dylib
0x000000005adf9000 	/System/Library/Frameworks/Kerberos.framework/Versions/A/Kerberos
0x000000005adf9000 	/System/Library/Frameworks/GSS.framework/Versions/A/GSS
0x000000005adf9000 	/usr/lib/libresolv.9.dylib
0x000000005adf9000 	/usr/lib/libiconv.2.dylib
0x000000005adf9000 	/System/Library/PrivateFrameworks/Heimdal.framework/Versions/A/Heimdal
0x000000005adf9000 	/usr/lib/libheimdal-asn1.dylib
0x000000005adf9000 	/System/Library/Frameworks/OpenDirectory.framework/Versions/A/OpenDirectory
0x000000005adf9000 	/System/Library/PrivateFrameworks/CommonAuth.framework/Versions/A/CommonAuth
0x000000005adf9000 	/System/Library/Frameworks/OpenDirectory.framework/Versions/A/Frameworks/CFOpenDirectory.framework/Versions/A/CFOpenDirectory
0x000000005adf9000 	/System/Library/Frameworks/SecurityFoundation.framework/Versions/A/SecurityFoundation
0x000000005adf9000 	/System/Library/PrivateFrameworks/LanguageModeling.framework/Versions/A/LanguageModeling
0x000000005adf9000 	/usr/lib/libmarisa.dylib
0x000000005adf9000 	/usr/lib/libChineseTokenizer.dylib
0x000000005adf9000 	/usr/lib/libcmph.dylib
0x000000005adf9000 	/System/Library/PrivateFrameworks/CoreEmoji.framework/Versions/A/CoreEmoji
0x000000005adf9000 	/System/Library/Frameworks/ServiceManagement.framework/Versions/A/ServiceManagement
0x000000005adf9000 	/usr/lib/libxslt.1.dylib
0x000000005adf9000 	/System/Library/Frameworks/Carbon.framework/Versions/A/Frameworks/Ink.framework/Versions/A/Ink
0x000000005adf9000 	/System/Library/PrivateFrameworks/TextureIO.framework/Versions/A/TextureIO
0x000000005adf9000 	/System/Library/Frameworks/Metal.framework/Versions/A/Metal
0x000000005adf9000 	/usr/lib/libate.dylib
0x000000005adf9000 	/System/Library/PrivateFrameworks/GPUCompiler.framework/libmetal_timestamp.dylib
0x000000005adf9000 	/System/Library/Frameworks/OpenGL.framework/Versions/A/Libraries/libCoreFSCache.dylib
0x000000005adf9000 	/System/Library/PrivateFrameworks/IOAccelerator.framework/Versions/A/IOAccelerator
0x000000005adf9000 	/System/Library/Frameworks/CoreVideo.framework/Versions/A/CoreVideo
0x000000005adf9000 	/usr/lib/libFosl_dynamic.dylib
0x000000005adf9000 	/System/Library/PrivateFrameworks/MetalPerformanceShaders.framework/Versions/A/MetalPerformanceShaders
0x000000005adf9000 	/System/Library/PrivateFrameworks/FaceCore.framework/Versions/A/FaceCore
0x000000005adf9000 	/System/Library/Frameworks/OpenCL.framework/Versions/A/OpenCL
0x000000005adf9000 	/System/Library/Frameworks/OpenGL.framework/Versions/A/Libraries/libGLU.dylib
0x000000005adf9000 	/System/Library/Frameworks/OpenGL.framework/Versions/A/Libraries/libGFXShared.dylib
0x000000005adf9000 	/System/Library/Frameworks/OpenGL.framework/Versions/A/Libraries/libGL.dylib
0x000000005adf9000 	/System/Library/Frameworks/OpenGL.framework/Versions/A/Libraries/libGLImage.dylib
0x000000005adf9000 	/System/Library/Frameworks/OpenGL.framework/Versions/A/Libraries/libCVMSPluginSupport.dylib
0x000000005adf9000 	/System/Library/Frameworks/OpenGL.framework/Versions/A/Libraries/libCoreVMClient.dylib
0x000000005adf9000 	/System/Library/PrivateFrameworks/CrashReporterSupport.framework/Versions/A/CrashReporterSupport
0x000000005adf9000 	/System/Library/PrivateFrameworks/Sharing.framework/Versions/A/Sharing
0x000000005adf9000 	/System/Library/PrivateFrameworks/IconServices.framework/Versions/A/IconServices
0x000000005adf9000 	/System/Library/PrivateFrameworks/ProtocolBuffer.framework/Versions/A/ProtocolBuffer
0x000000005adf9000 	/System/Library/PrivateFrameworks/Apple80211.framework/Versions/A/Apple80211
0x000000005adf9000 	/System/Library/Frameworks/CoreWLAN.framework/Versions/A/CoreWLAN
0x000000005adf9000 	/System/Library/PrivateFrameworks/CoreUtils.framework/Versions/A/CoreUtils
0x000000005adf9000 	/System/Library/Frameworks/IOBluetooth.framework/Versions/A/IOBluetooth
0x000000005adf9000 	/System/Library/PrivateFrameworks/CoreWiFi.framework/Versions/A/CoreWiFi
0x000000005adf9000 	/System/Library/Frameworks/CoreBluetooth.framework/Versions/A/CoreBluetooth
0x000000005adf9000 	/System/Library/Frameworks/CoreDisplay.framework/Versions/A/CoreDisplay
0x000000005adf9000 	/System/Library/PrivateFrameworks/IOPresentment.framework/Versions/A/IOPresentment
0x000000005adf9000 	/System/Library/PrivateFrameworks/DebugSymbols.framework/Versions/A/DebugSymbols
0x000000005adf9000 	/System/Library/PrivateFrameworks/CoreSymbolication.framework/Versions/A/CoreSymbolication
0x000000005adf9000 	/System/Library/PrivateFrameworks/Symbolication.framework/Versions/A/Symbolication
0x000000005adf9000 	/System/Library/PrivateFrameworks/AppleFSCompression.framework/Versions/A/AppleFSCompression
0x000000005adf9000 	/System/Library/PrivateFrameworks/SpeechRecognitionCore.framework/Versions/A/SpeechRecognitionCore
0x000000005adf9000 	/System/Library/PrivateFrameworks/ChunkingLibrary.framework/Versions/A/ChunkingLibrary
0x000000010f400000 	/Library/Java/JavaVirtualMachines/jdk1.8.0_121.jdk/Contents/Home/jre/lib/server/libjvm.dylib
0x000000005adf9000 	/usr/lib/libstdc++.6.dylib
0x000000010e276000 	/Library/Java/JavaVirtualMachines/jdk1.8.0_121.jdk/Contents/Home/jre/lib/libverify.dylib
0x000000010e284000 	/Library/Java/JavaVirtualMachines/jdk1.8.0_121.jdk/Contents/Home/jre/lib/libjava.dylib
0x000000010e2c3000 	/Library/Java/JavaVirtualMachines/jdk1.8.0_121.jdk/Contents/Home/jre/lib/libzip.dylib
0x000000012b3bf000 	/System/Library/Frameworks/JavaVM.framework/Frameworks/JavaRuntimeSupport.framework/JavaRuntimeSupport
0x000000012b3d9000 	/System/Library/Frameworks/JavaVM.framework/Versions/A/Frameworks/JavaNativeFoundation.framework/Versions/A/JavaNativeFoundation
0x000000010e3f1000 	/System/Library/Frameworks/JavaVM.framework/Versions/A/JavaVM
0x000000005adf9000 	/System/Library/Frameworks/Carbon.framework/Versions/A/Carbon
0x000000012b3ee000 	/System/Library/PrivateFrameworks/JavaLaunching.framework/Versions/A/JavaLaunching
0x000000005adf9000 	/System/Library/Frameworks/Carbon.framework/Versions/A/Frameworks/CommonPanels.framework/Versions/A/CommonPanels
0x000000005adf9000 	/System/Library/Frameworks/Carbon.framework/Versions/A/Frameworks/Help.framework/Versions/A/Help
0x000000005adf9000 	/System/Library/Frameworks/Carbon.framework/Versions/A/Frameworks/ImageCapture.framework/Versions/A/ImageCapture
0x000000005adf9000 	/System/Library/Frameworks/Carbon.framework/Versions/A/Frameworks/OpenScripting.framework/Versions/A/OpenScripting
0x000000005adf9000 	/System/Library/Frameworks/Carbon.framework/Versions/A/Frameworks/Print.framework/Versions/A/Print
0x000000005adf9000 	/System/Library/Frameworks/Carbon.framework/Versions/A/Frameworks/SecurityHI.framework/Versions/A/SecurityHI
0x000000012cd40000 	/Library/Java/JavaVirtualMachines/jdk1.8.0_121.jdk/Contents/Home/jre/lib/libawt.dylib
0x000000012cde8000 	/Library/Java/JavaVirtualMachines/jdk1.8.0_121.jdk/Contents/Home/jre/lib/./libmlib_image.dylib
0x000000012ceb4000 	/Library/Java/JavaVirtualMachines/jdk1.8.0_121.jdk/Contents/Home/jre/lib/libawt_lwawt.dylib
0x000000012cf6b000 	/Library/Java/JavaVirtualMachines/jdk1.8.0_121.jdk/Contents/Home/jre/lib/./libosxapp.dylib
0x000000005adf9000 	/System/Library/Frameworks/ExceptionHandling.framework/Versions/A/ExceptionHandling
0x000000005adf9000 	/System/Library/PrivateFrameworks/CoreServicesInternal.framework/Versions/A/CoreServicesInternal
0x000000005adf9000 	/System/Library/CoreServices/RawCamera.bundle/Contents/MacOS/RawCamera
0x000000005adf9000 	/System/Library/Frameworks/Accelerate.framework/Versions/A/Frameworks/vImage.framework/Versions/A/Libraries/libCGInterfaces.dylib
0x000000005adf9000 	/System/Library/Frameworks/ApplicationServices.framework/Versions/A/Frameworks/ATS.framework/Versions/A/Resources/libTrueTypeScaler.dylib
0x000000005adf9000 	/System/Library/Frameworks/OpenGL.framework/Versions/A/Resources/GLEngine.bundle/GLEngine
0x000000005adf9000 	/System/Library/Frameworks/OpenGL.framework/Versions/A/Libraries/libGLProgrammability.dylib
0x000000012ed03000 	/System/Library/Extensions/AppleIntelHD5000GraphicsGLDriver.bundle/Contents/MacOS/AppleIntelHD5000GraphicsGLDriver
0x000000005adf9000 	/System/Library/PrivateFrameworks/GPUSupport.framework/Versions/A/Libraries/libGPUSupportMercury.dylib
0x000000005adf9000 	/System/Library/Frameworks/OpenGL.framework/Versions/A/Resources/GLRendererFloat.bundle/GLRendererFloat
0x000000005adf9000 	/System/Library/Frameworks/OpenCL.framework/Versions/A/Libraries/libcldcpuengine.dylib
0x000000005adf9000 	/usr/lib/libcrypto.0.9.8.dylib
0x000000005adf9000 	/System/Library/PrivateFrameworks/TrustEvaluationAgent.framework/Versions/A/TrustEvaluationAgent
0x000000012f462000 	/System/Library/Extensions/AppleIntelHD5000GraphicsMTLDriver.bundle/Contents/MacOS/AppleIntelHD5000GraphicsMTLDriver
0x000000005adf9000 	/System/Library/PrivateFrameworks/FamilyControls.framework/Versions/A/FamilyControls
0x000000005adf9000 	/System/Library/PrivateFrameworks/CommerceKit.framework/Versions/A/Frameworks/CommerceCore.framework/Versions/A/CommerceCore
0x000000005adf9000 	/System/Library/PrivateFrameworks/SystemAdministration.framework/Versions/A/SystemAdministration
0x000000005adf9000 	/System/Library/PrivateFrameworks/AppContainer.framework/Versions/A/AppContainer
0x000000005adf9000 	/System/Library/PrivateFrameworks/SecCodeWrapper.framework/Versions/A/SecCodeWrapper
0x000000005adf9000 	/System/Library/Frameworks/DirectoryService.framework/Versions/A/DirectoryService
0x000000005adf9000 	/System/Library/PrivateFrameworks/DiskImages.framework/Versions/A/DiskImages
0x000000005adf9000 	/System/Library/PrivateFrameworks/LoginUIKit.framework/Versions/A/Frameworks/LoginUICore.framework/Versions/A/LoginUICore
0x000000005adf9000 	/usr/lib/libCoreStorage.dylib
0x000000005adf9000 	/usr/lib/libcsfde.dylib
0x000000005adf9000 	/usr/lib/libodfde.dylib
0x000000005adf9000 	/System/Library/Frameworks/DiscRecording.framework/Versions/A/DiscRecording
0x000000005adf9000 	/usr/lib/libcurl.4.dylib
0x000000005adf9000 	/System/Library/PrivateFrameworks/MediaKit.framework/Versions/A/MediaKit
0x000000005adf9000 	/System/Library/PrivateFrameworks/ProtectedCloudStorage.framework/Versions/A/ProtectedCloudStorage
0x000000005adf9000 	/System/Library/PrivateFrameworks/EFILogin.framework/Versions/A/EFILogin
0x000000005adf9000 	/usr/lib/libutil.dylib
0x000000005adf9000 	/System/Library/Frameworks/LDAP.framework/Versions/A/LDAP
0x000000005adf9000 	/usr/lib/libsasl2.2.dylib
0x000000005adf9000 	/System/Library/PrivateFrameworks/CoreDaemon.framework/Versions/B/CoreDaemon
0x000000005adf9000 	/System/Library/PrivateFrameworks/AppleSRP.framework/Versions/A/AppleSRP
0x000000005adf9000 	/System/Library/PrivateFrameworks/APFS.framework/Versions/A/APFS
0x0000000131146000 	/Library/Java/JavaVirtualMachines/jdk1.8.0_121.jdk/Contents/Home/jre/lib/libfontmanager.dylib
0x00000001325b2000 	/Library/Java/JavaVirtualMachines/jdk1.8.0_121.jdk/Contents/Home/jre/lib/libosxui.dylib
0x0000000133306000 	/Library/Java/JavaVirtualMachines/jdk1.8.0_121.jdk/Contents/Home/jre/lib/libnet.dylib
0x000000013331d000 	/Library/Java/JavaVirtualMachines/jdk1.8.0_121.jdk/Contents/Home/jre/lib/libnio.dylib
0x000000015ea08000 	/private/var/folders/df/742f5pcs2s1bww8qkl8tr5s80000gn/T/jogamp_0000/file_cache/jln8732434936824972606/jln7260907061252832101/libgluegen-rt.jnilib
0x000000013233d000 	/private/var/folders/df/742f5pcs2s1bww8qkl8tr5s80000gn/T/jogamp_0000/file_cache/jln8732434936824972606/jln7260907061252832101/libnativewindow_awt.jnilib
0x00000001330da000 	/Library/Java/JavaVirtualMachines/jdk1.8.0_121.jdk/Contents/Home/jre/lib/libjawt.dylib
0x000000015ea0c000 	/private/var/folders/df/742f5pcs2s1bww8qkl8tr5s80000gn/T/jogamp_0000/file_cache/jln8732434936824972606/jln7260907061252832101/libnativewindow_macosx.jnilib
0x0000000163f1f000 	/private/var/folders/df/742f5pcs2s1bww8qkl8tr5s80000gn/T/jogamp_0000/file_cache/jln8732434936824972606/jln7260907061252832101/libjogl_desktop.jnilib
0x000000012eb1e000 	/Library/Java/JavaVirtualMachines/jdk1.8.0_121.jdk/Contents/Home/jre/lib/libt2k.dylib

VM Arguments:
jvm_args: -Djava.security.policy=java.policy.applet -Dfile.encoding=UTF-8 
java_command: sun.applet.AppletViewer module6.EarthquakeCityMap1489404517686.html
java_class_path (initial): /Users/marceloqueiroz/Documents/workspace/UCSDUnfoldingMaps/build:/Users/marceloqueiroz/Documents/workspace/UCSDUnfoldingMaps/lib/core.jar:/Users/marceloqueiroz/Documents/workspace/UCSDUnfoldingMaps/lib/gluegen-rt.jar:/Users/marceloqueiroz/Documents/workspace/UCSDUnfoldingMaps/lib/jogl-all.jar:/Users/marceloqueiroz/Documents/workspace/UCSDUnfoldingMaps/lib/log4j-1.2.15.jar:/Users/marceloqueiroz/Documents/workspace/UCSDUnfoldingMaps/lib/sqlite-jdbc-3.7.2.jar:/Users/marceloqueiroz/Documents/workspace/UCSDUnfoldingMaps/lib/json4processing.jar:/Users/marceloqueiroz/Documents/workspace/UCSDUnfoldingMaps/lib/libTUIO.jar:/Users/marceloqueiroz/Documents/workspace/UCSDUnfoldingMaps/lib/unfolding.0.9.7-uscd.jar
Launcher Type: SUN_STANDARD

Environment Variables:
PATH=/usr/bin:/bin:/usr/sbin:/sbin
SHELL=/bin/bash
DISPLAY=/private/tmp/com.apple.launchd.ZKMjP42CY4/org.macosforge.xquartz:0

Signal Handlers:
SIGSEGV: [libjvm.dylib+0x5b1141], sa_mask[0]=11111111011111110111111111111111, sa_flags=SA_ONSTACK|SA_RESTART|SA_SIGINFO
SIGBUS: [libjvm.dylib+0x5b1141], sa_mask[0]=11111111011111110111111111111111, sa_flags=SA_RESTART|SA_SIGINFO
SIGFPE: [libjvm.dylib+0x487bc4], sa_mask[0]=11111111011111110111111111111111, sa_flags=SA_RESTART|SA_SIGINFO
SIGPIPE: [libjvm.dylib+0x487bc4], sa_mask[0]=11111111011111110111111111111111, sa_flags=SA_RESTART|SA_SIGINFO
SIGXFSZ: [libjvm.dylib+0x487bc4], sa_mask[0]=11111111011111110111111111111111, sa_flags=SA_RESTART|SA_SIGINFO
SIGILL: [libjvm.dylib+0x487bc4], sa_mask[0]=11111111011111110111111111111111, sa_flags=SA_RESTART|SA_SIGINFO
SIGUSR1: SIG_DFL, sa_mask[0]=00000000000000000000000000000000, sa_flags=none
SIGUSR2: [libjvm.dylib+0x4876e2], sa_mask[0]=00100000000000000000000000000000, sa_flags=SA_RESTART|SA_SIGINFO
SIGHUP: [libjvm.dylib+0x485cb9], sa_mask[0]=11111111011111110111111111111111, sa_flags=SA_RESTART|SA_SIGINFO
SIGINT: [libjvm.dylib+0x485cb9], sa_mask[0]=11111111011111110111111111111111, sa_flags=SA_RESTART|SA_SIGINFO
SIGTERM: [libjvm.dylib+0x485cb9], sa_mask[0]=11111111011111110111111111111111, sa_flags=SA_RESTART|SA_SIGINFO
SIGQUIT: [libjvm.dylib+0x485cb9], sa_mask[0]=11111111011111110111111111111111, sa_flags=SA_RESTART|SA_SIGINFO


---------------  S Y S T E M  ---------------

OS:Bsduname:Darwin 16.3.0 Darwin Kernel Version 16.3.0: Thu Nov 17 20:23:58 PST 2016; root:xnu-3789.31.2~1/RELEASE_X86_64 x86_64
rlimit: STACK 8192k, CORE 0k, NPROC 709, NOFILE 10240, AS infinity
load average:1.82 1.49 1.25

CPU:total 8 (4 cores per cpu, 2 threads per core) family 6 model 70 stepping 1, cmov, cx8, fxsr, mmx, sse, sse2, sse3, ssse3, sse4.1, sse4.2, popcnt, avx, avx2, aes, clmul, erms, lzcnt, ht, tsc, tscinvbit, bmi1, bmi2

Memory: 4k page, physical 16777216k(3300632k free)

/proc/meminfo:


vm_info: Java HotSpot(TM) 64-Bit Server VM (25.121-b13) for bsd-amd64 JRE (1.8.0_121-b13), built on Dec 12 2016 20:39:32 by "java_re" with gcc 4.2.1 (Based on Apple Inc. build 5658) (LLVM build 2336.11.00)

time: Mon Mar 13 07:30:03 2017
elapsed time: 86 seconds (0d 0h 1m 26s)

